09-05-2024 14:53:24 ERROR OrderController:35 - User asdf not found.
09-05-2024 14:53:25 ERROR OrderController:35 - User asdf not found.
09-05-2024 15:18:35 INFO  UserController:48 - Username set toJason
09-05-2024 15:18:35 INFO  UserController:61 - User Jason successfully created
09-05-2024 15:18:51 INFO  CartController:77 - Cart  for user Jason found
09-05-2024 15:19:17 INFO  CartController:49 - Item added to cart of user Jason
09-05-2024 15:19:18 INFO  CartController:49 - Item added to cart of user Jason
09-05-2024 15:19:19 INFO  CartController:49 - Item added to cart of user Jason
09-05-2024 15:19:20 INFO  CartController:49 - Item added to cart of user Jason
09-05-2024 15:19:21 INFO  CartController:49 - Item added to cart of user Jason
09-05-2024 15:19:22 INFO  CartController:49 - Item added to cart of user Jason
09-05-2024 15:19:25 INFO  CartController:77 - Cart  for user Jason found
09-05-2024 15:19:42 INFO  OrderController:43 - Order 1 successfully submitted
09-05-2024 15:19:44 INFO  OrderController:43 - Order 2 successfully submitted
09-05-2024 15:20:01 ERROR CartController:42 - Could not add item. Item does not exist!
09-05-2024 15:20:03 ERROR CartController:42 - Could not add item. Item does not exist!
09-05-2024 15:20:04 ERROR CartController:42 - Could not add item. Item does not exist!
09-05-2024 15:20:05 ERROR CartController:42 - Could not add item. Item does not exist!
09-05-2024 15:20:05 ERROR CartController:42 - Could not add item. Item does not exist!
09-05-2024 15:20:11 ERROR CartController:81 - Could not load cart. User not found.
09-05-2024 15:20:12 ERROR CartController:81 - Could not load cart. User not found.
09-05-2024 15:20:13 ERROR CartController:81 - Could not load cart. User not found.
09-05-2024 15:20:14 ERROR CartController:81 - Could not load cart. User not found.
09-05-2024 15:20:14 ERROR CartController:81 - Could not load cart. User not found.
09-05-2024 20:32:54 INFO  UserController:48 - Username set toJason
09-05-2024 20:32:55 INFO  UserController:61 - User Jason successfully created
09-05-2024 20:37:32 INFO  UserController:48 - Username set toJason
09-05-2024 20:37:32 INFO  UserController:61 - User Jason successfully created
09-05-2024 20:45:57 INFO  UserController:48 - Username set toJason
09-05-2024 20:45:57 INFO  UserController:61 - User Jason successfully created
09-05-2024 20:51:19 INFO  UserController:48 - Username set toJason
09-05-2024 20:51:19 INFO  UserController:61 - User Jason successfully created
09-05-2024 20:52:17 INFO  UserController:48 - Username set toJason
09-05-2024 20:52:17 INFO  UserController:61 - User Jason successfully created
09-05-2024 21:02:23 INFO  UserController:48 - Username set toJason
09-05-2024 21:02:23 INFO  UserController:61 - User Jason successfully created
09-05-2024 21:08:16 ERROR JWTAuthenticationFilter:49 - message: EntityManagerFactory is closed; nested exception is java.lang.IllegalStateException: EntityManagerFactory is closed 
09-05-2024 21:52:04 ERROR JWTAuthenticationFilter:49 - message: EntityManagerFactory is closed; nested exception is java.lang.IllegalStateException: EntityManagerFactory is closed 
09-05-2024 21:53:37 INFO  UserController:48 - Username set toJason
09-05-2024 21:53:38 ERROR JWTAuthenticationFilter:49 - message: EntityManagerFactory is closed; nested exception is java.lang.IllegalStateException: EntityManagerFactory is closed 
09-05-2024 21:53:47 INFO  UserController:48 - Username set toJason
09-05-2024 21:53:47 INFO  UserController:61 - User Jason successfully created
09-05-2024 22:21:44 INFO  UserController:48 - Username set toJason
09-05-2024 22:21:44 INFO  UserController:61 - User Jason successfully created
09-05-2024 22:22:54 INFO  UserController:48 - Username set toJason
09-05-2024 22:22:54 INFO  UserController:61 - User Jason successfully created
09-05-2024 22:23:49 INFO  UserController:48 - Username set toJason
09-05-2024 22:23:49 INFO  UserController:61 - User Jason successfully created
09-05-2024 22:24:44 INFO  UserController:48 - Username set toJason
09-05-2024 22:24:44 INFO  UserController:61 - User Jason successfully created
09-05-2024 22:30:54 INFO  UserController:48 - Username set toJason
09-05-2024 22:30:54 INFO  UserController:61 - User Jason successfully created
09-05-2024 22:31:21 ERROR JWTAuthenticationFilter:48 - message: No content to map due to end-of-input
 at [Source: (org.apache.catalina.connector.CoyoteInputStream); line: 1, column: 0] 
09-05-2024 22:32:09 INFO  UserController:48 - Username set toJason
09-05-2024 22:32:09 INFO  UserController:61 - User Jason successfully created
09-05-2024 22:32:38 INFO  UserController:48 - Username set toJason
09-05-2024 22:32:38 INFO  UserController:61 - User Jason successfully created
